# JRE version: Java(TM) SE Runtime Environment (8.0_141-b15) (build 1.8.0_141-b15)
# Java VM: Java HotSpot(TM) 64-Bit Server VM (25.141-b15 mixed mode windows-amd64 compressed oops)
Heap:
 PSYoungGen      total 112640K, used 43460K [0x00000000d5f80000, 0x00000000df700000, 0x0000000100000000)
  eden space 102912K, 38% used [0x00000000d5f80000,0x00000000d8618288,0x00000000dc400000)
  from space 9728K, 40% used [0x00000000ded80000,0x00000000df159008,0x00000000df700000)
  to   space 10240K, 26% used [0x00000000dc400000,0x00000000dc6b0640,0x00000000dce00000)
 ParOldGen       total 51712K, used 15975K [0x0000000081e00000, 0x0000000085080000, 0x00000000d5f80000)
  object space 51712K, 30% used [0x0000000081e00000,0x0000000082d99c50,0x0000000085080000)
 Metaspace       used 36413K, capacity 37630K, committed 37680K, reserved 1085440K
  class space    used 4862K, capacity 5151K, committed 5168K, reserved 1048576K
GC Heap History (10 events):
Event: 7.356 GC heap before
{Heap before GC invocations=8 (full 1):
 PSYoungGen      total 68608K, used 68591K [0x00000000d5f80000, 0x00000000dde00000, 0x0000000100000000)
  eden space 63488K, 100% used [0x00000000d5f80000,0x00000000d9d80000,0x00000000d9d80000)
  from space 5120K, 99% used [0x00000000da580000,0x00000000daa7bcf8,0x00000000daa80000)
  to   space 8192K, 0% used [0x00000000d9d80000,0x00000000d9d80000,0x00000000da580000)
 ParOldGen       total 51712K, used 7115K [0x0000000081e00000, 0x0000000085080000, 0x00000000d5f80000)
  object space 51712K, 13% used [0x0000000081e00000,0x00000000824f2e40,0x0000000085080000)
 Metaspace       used 29795K, capacity 30650K, committed 30896K, reserved 1075200K
  class space    used 3952K, capacity 4171K, committed 4272K, reserved 1048576K
Event: 7.363 GC heap after
Heap after GC invocations=8 (full 1):
 PSYoungGen      total 71680K, used 8169K [0x00000000d5f80000, 0x00000000dd800000, 0x0000000100000000)
  eden space 63488K, 0% used [0x00000000d5f80000,0x00000000d5f80000,0x00000000d9d80000)
  from space 8192K, 99% used [0x00000000d9d80000,0x00000000da57a6c8,0x00000000da580000)
  to   space 9216K, 0% used [0x00000000dcf00000,0x00000000dcf00000,0x00000000dd800000)
 ParOldGen       total 51712K, used 7482K [0x0000000081e00000, 0x0000000085080000, 0x00000000d5f80000)
  object space 51712K, 14% used [0x0000000081e00000,0x000000008254e850,0x0000000085080000)
 Metaspace       used 29795K, capacity 30650K, committed 30896K, reserved 1075200K
  class space    used 3952K, capacity 4171K, committed 4272K, reserved 1048576K
}
Event: 10.007 GC heap before
{Heap before GC invocations=9 (full 1):
 PSYoungGen      total 71680K, used 71657K [0x00000000d5f80000, 0x00000000dd800000, 0x0000000100000000)
  eden space 63488K, 100% used [0x00000000d5f80000,0x00000000d9d80000,0x00000000d9d80000)
  from space 8192K, 99% used [0x00000000d9d80000,0x00000000da57a6c8,0x00000000da580000)
  to   space 9216K, 0% used [0x00000000dcf00000,0x00000000dcf00000,0x00000000dd800000)
 ParOldGen       total 51712K, used 7482K [0x0000000081e00000, 0x0000000085080000, 0x00000000d5f80000)
  object space 51712K, 14% used [0x0000000081e00000,0x000000008254e850,0x0000000085080000)
 Metaspace       used 33249K, capacity 34306K, committed 34480K, reserved 1079296K
  class space    used 4436K, capacity 4703K, committed 4784K, reserved 1048576K
Event: 10.016 GC heap after
Heap after GC invocations=9 (full 1):
 PSYoungGen      total 111104K, used 9202K [0x00000000d5f80000, 0x00000000dd800000, 0x0000000100000000)
  eden space 101888K, 0% used [0x00000000d5f80000,0x00000000d5f80000,0x00000000dc300000)
  from space 9216K, 99% used [0x00000000dcf00000,0x00000000dd7fc910,0x00000000dd800000)
  to   space 10240K, 0% used [0x00000000dc400000,0x00000000dc400000,0x00000000dce00000)
 ParOldGen       total 51712K, used 7788K [0x0000000081e00000, 0x0000000085080000, 0x00000000d5f80000)
  object space 51712K, 15% used [0x0000000081e00000,0x000000008259b270,0x0000000085080000)
 Metaspace       used 33249K, capacity 34306K, committed 34480K, reserved 1079296K
  class space    used 4436K, capacity 4703K, committed 4784K, reserved 1048576K
}
Event: 15.378 GC heap before
{Heap before GC invocations=10 (full 1):
 PSYoungGen      total 111104K, used 41836K [0x00000000d5f80000, 0x00000000dd800000, 0x0000000100000000)
  eden space 101888K, 32% used [0x00000000d5f80000,0x00000000d7f5e778,0x00000000dc300000)
  from space 9216K, 99% used [0x00000000dcf00000,0x00000000dd7fc910,0x00000000dd800000)
  to   space 10240K, 0% used [0x00000000dc400000,0x00000000dc400000,0x00000000dce00000)
 ParOldGen       total 51712K, used 7788K [0x0000000081e00000, 0x0000000085080000, 0x00000000d5f80000)
  object space 51712K, 15% used [0x0000000081e00000,0x000000008259b270,0x0000000085080000)
 Metaspace       used 34310K, capacity 35418K, committed 35496K, reserved 1079296K
  class space    used 4587K, capacity 4861K, committed 4912K, reserved 1048576K
Event: 15.388 GC heap after
Heap after GC invocations=10 (full 1):
 PSYoungGen      total 113152K, used 7005K [0x00000000d5f80000, 0x00000000df700000, 0x0000000100000000)
  eden space 102912K, 0% used [0x00000000d5f80000,0x00000000d5f80000,0x00000000dc400000)
  from space 10240K, 68% used [0x00000000dc400000,0x00000000dcad7478,0x00000000dce00000)
  to   space 9728K, 0% used [0x00000000ded80000,0x00000000ded80000,0x00000000df700000)
 ParOldGen       total 51712K, used 9476K [0x0000000081e00000, 0x0000000085080000, 0x00000000d5f80000)
  object space 51712K, 18% used [0x0000000081e00000,0x0000000082741270,0x0000000085080000)
 Metaspace       used 34310K, capacity 35418K, committed 35496K, reserved 1079296K
  class space    used 4587K, capacity 4861K, committed 4912K, reserved 1048576K
}
Event: 15.388 GC heap before
{Heap before GC invocations=11 (full 2):
 PSYoungGen      total 113152K, used 7005K [0x00000000d5f80000, 0x00000000df700000, 0x0000000100000000)
  eden space 102912K, 0% used [0x00000000d5f80000,0x00000000d5f80000,0x00000000dc400000)
  from space 10240K, 68% used [0x00000000dc400000,0x00000000dcad7478,0x00000000dce00000)
  to   space 9728K, 0% used [0x00000000ded80000,0x00000000ded80000,0x00000000df700000)
 ParOldGen       total 51712K, used 9476K [0x0000000081e00000, 0x0000000085080000, 0x00000000d5f80000)
  object space 51712K, 18% used [0x0000000081e00000,0x0000000082741270,0x0000000085080000)
 Metaspace       used 34310K, capacity 35418K, committed 35496K, reserved 1079296K
  class space    used 4587K, capacity 4861K, committed 4912K, reserved 1048576K
Event: 15.459 GC heap after
Heap after GC invocations=11 (full 2):
 PSYoungGen      total 113152K, used 0K [0x00000000d5f80000, 0x00000000df700000, 0x0000000100000000)
  eden space 102912K, 0% used [0x00000000d5f80000,0x00000000d5f80000,0x00000000dc400000)
  from space 10240K, 0% used [0x00000000dc400000,0x00000000dc400000,0x00000000dce00000)
  to   space 9728K, 0% used [0x00000000ded80000,0x00000000ded80000,0x00000000df700000)
 ParOldGen       total 51712K, used 13925K [0x0000000081e00000, 0x0000000085080000, 0x00000000d5f80000)
  object space 51712K, 26% used [0x0000000081e00000,0x0000000082b99700,0x0000000085080000)
 Metaspace       used 34310K, capacity 35418K, committed 35496K, reserved 1079296K
  class space    used 4587K, capacity 4861K, committed 4912K, reserved 1048576K
}
Event: 15.765 GC heap before
{Heap before GC invocations=12 (full 2):
 PSYoungGen      total 113152K, used 102912K [0x00000000d5f80000, 0x00000000df700000, 0x0000000100000000)
  eden space 102912K, 100% used [0x00000000d5f80000,0x00000000dc400000,0x00000000dc400000)
  from space 10240K, 0% used [0x00000000dc400000,0x00000000dc400000,0x00000000dce00000)
  to   space 9728K, 0% used [0x00000000ded80000,0x00000000ded80000,0x00000000df700000)
 ParOldGen       total 51712K, used 13925K [0x0000000081e00000, 0x0000000085080000, 0x00000000d5f80000)
  object space 51712K, 26% used [0x0000000081e00000,0x0000000082b99700,0x0000000085080000)
 Metaspace       used 35466K, capacity 36612K, committed 36784K, reserved 1081344K
  class space    used 4732K, capacity 5014K, committed 5040K, reserved 1048576K
Event: 15.769 GC heap after
Heap after GC invocations=12 (full 2):
 PSYoungGen      total 112640K, used 3940K [0x00000000d5f80000, 0x00000000df700000, 0x0000000100000000)
  eden space 102912K, 0% used [0x00000000d5f80000,0x00000000d5f80000,0x00000000dc400000)
  from space 9728K, 40% used [0x00000000ded80000,0x00000000df159008,0x00000000df700000)
  to   space 10240K, 0% used [0x00000000dc400000,0x00000000dc400000,0x00000000dce00000)
 ParOldGen       total 51712K, used 13933K [0x0000000081e00000, 0x0000000085080000, 0x00000000d5f80000)
  object space 51712K, 26% used [0x0000000081e00000,0x0000000082b9b700,0x0000000085080000)
 Metaspace       used 35466K, capacity 36612K, committed 36784K, reserved 1081344K
  class space    used 4732K, capacity 5014K, committed 5040K, reserved 1048576K
}

