# JRE version: Java(TM) SE Runtime Environment (8.0_141-b15) (build 1.8.0_141-b15)
# Java VM: Java HotSpot(TM) 64-Bit Server VM (25.141-b15 mixed mode windows-amd64 compressed oops)
Heap:
 PSYoungGen      total 72192K, used 37638K [0x00000000d5f80000, 0x00000000db000000, 0x0000000100000000)
  eden space 65024K, 51% used [0x00000000d5f80000,0x00000000d802f868,0x00000000d9f00000)
  from space 7168K, 58% used [0x00000000da900000,0x00000000dad12340,0x00000000db000000)
  to   space 8704K, 0% used [0x00000000d9f00000,0x00000000d9f00000,0x00000000da780000)
 ParOldGen       total 51200K, used 20635K [0x0000000081e00000, 0x0000000085000000, 0x00000000d5f80000)
  object space 51200K, 40% used [0x0000000081e00000,0x0000000083226cb8,0x0000000085000000)
 Metaspace       used 46114K, capacity 48092K, committed 48304K, reserved 1095680K
  class space    used 6109K, capacity 6504K, committed 6576K, reserved 1048576K
GC Heap History (10 events):
Event: 16.758 GC heap before
{Heap before GC invocations=14 (full 2):
 PSYoungGen      total 73728K, used 65024K [0x00000000d5f80000, 0x00000000db000000, 0x0000000100000000)
  eden space 65024K, 100% used [0x00000000d5f80000,0x00000000d9f00000,0x00000000d9f00000)
  from space 8704K, 0% used [0x00000000d9f00000,0x00000000d9f00000,0x00000000da780000)
  to   space 7168K, 0% used [0x00000000da900000,0x00000000da900000,0x00000000db000000)
 ParOldGen       total 51200K, used 13493K [0x0000000081e00000, 0x0000000085000000, 0x00000000d5f80000)
  object space 51200K, 26% used [0x0000000081e00000,0x0000000082b2d708,0x0000000085000000)
 Metaspace       used 34819K, capacity 35982K, committed 36272K, reserved 1081344K
  class space    used 4665K, capacity 4937K, committed 5040K, reserved 1048576K
Event: 16.761 GC heap after
Heap after GC invocations=14 (full 2):
 PSYoungGen      total 72192K, used 2190K [0x00000000d5f80000, 0x00000000db000000, 0x0000000100000000)
  eden space 65024K, 0% used [0x00000000d5f80000,0x00000000d5f80000,0x00000000d9f00000)
  from space 7168K, 30% used [0x00000000da900000,0x00000000dab23b68,0x00000000db000000)
  to   space 8704K, 0% used [0x00000000d9f00000,0x00000000d9f00000,0x00000000da780000)
 ParOldGen       total 51200K, used 13501K [0x0000000081e00000, 0x0000000085000000, 0x00000000d5f80000)
  object space 51200K, 26% used [0x0000000081e00000,0x0000000082b2f708,0x0000000085000000)
 Metaspace       used 34819K, capacity 35982K, committed 36272K, reserved 1081344K
  class space    used 4665K, capacity 4937K, committed 5040K, reserved 1048576K
}
Event: 17.112 GC heap before
{Heap before GC invocations=15 (full 2):
 PSYoungGen      total 72192K, used 67214K [0x00000000d5f80000, 0x00000000db000000, 0x0000000100000000)
  eden space 65024K, 100% used [0x00000000d5f80000,0x00000000d9f00000,0x00000000d9f00000)
  from space 7168K, 30% used [0x00000000da900000,0x00000000dab23b68,0x00000000db000000)
  to   space 8704K, 0% used [0x00000000d9f00000,0x00000000d9f00000,0x00000000da780000)
 ParOldGen       total 51200K, used 13501K [0x0000000081e00000, 0x0000000085000000, 0x00000000d5f80000)
  object space 51200K, 26% used [0x0000000081e00000,0x0000000082b2f708,0x0000000085000000)
 Metaspace       used 36761K, capacity 38170K, committed 38320K, reserved 1083392K
  class space    used 4953K, capacity 5279K, committed 5296K, reserved 1048576K
Event: 17.118 GC heap after
Heap after GC invocations=15 (full 2):
 PSYoungGen      total 73728K, used 4377K [0x00000000d5f80000, 0x00000000db000000, 0x0000000100000000)
  eden space 65024K, 0% used [0x00000000d5f80000,0x00000000d5f80000,0x00000000d9f00000)
  from space 8704K, 50% used [0x00000000d9f00000,0x00000000da346788,0x00000000da780000)
  to   space 7168K, 0% used [0x00000000da900000,0x00000000da900000,0x00000000db000000)
 ParOldGen       total 51200K, used 14679K [0x0000000081e00000, 0x0000000085000000, 0x00000000d5f80000)
  object space 51200K, 28% used [0x0000000081e00000,0x0000000082c55c58,0x0000000085000000)
 Metaspace       used 36761K, capacity 38170K, committed 38320K, reserved 1083392K
  class space    used 4953K, capacity 5279K, committed 5296K, reserved 1048576K
}
Event: 17.600 GC heap before
{Heap before GC invocations=16 (full 2):
 PSYoungGen      total 73728K, used 69401K [0x00000000d5f80000, 0x00000000db000000, 0x0000000100000000)
  eden space 65024K, 100% used [0x00000000d5f80000,0x00000000d9f00000,0x00000000d9f00000)
  from space 8704K, 50% used [0x00000000d9f00000,0x00000000da346788,0x00000000da780000)
  to   space 7168K, 0% used [0x00000000da900000,0x00000000da900000,0x00000000db000000)
 ParOldGen       total 51200K, used 14679K [0x0000000081e00000, 0x0000000085000000, 0x00000000d5f80000)
  object space 51200K, 28% used [0x0000000081e00000,0x0000000082c55c58,0x0000000085000000)
 Metaspace       used 39120K, capacity 40852K, committed 41008K, reserved 1085440K
  class space    used 5302K, capacity 5664K, committed 5680K, reserved 1048576K
Event: 17.606 GC heap after
Heap after GC invocations=16 (full 2):
 PSYoungGen      total 72192K, used 4287K [0x00000000d5f80000, 0x00000000db000000, 0x0000000100000000)
  eden space 65024K, 0% used [0x00000000d5f80000,0x00000000d5f80000,0x00000000d9f00000)
  from space 7168K, 59% used [0x00000000da900000,0x00000000dad2fe28,0x00000000db000000)
  to   space 8704K, 0% used [0x00000000d9f00000,0x00000000d9f00000,0x00000000da780000)
 ParOldGen       total 51200K, used 16547K [0x0000000081e00000, 0x0000000085000000, 0x00000000d5f80000)
  object space 51200K, 32% used [0x0000000081e00000,0x0000000082e28c78,0x0000000085000000)
 Metaspace       used 39120K, capacity 40852K, committed 41008K, reserved 1085440K
  class space    used 5302K, capacity 5664K, committed 5680K, reserved 1048576K
}
Event: 17.886 GC heap before
{Heap before GC invocations=17 (full 2):
 PSYoungGen      total 72192K, used 69284K [0x00000000d5f80000, 0x00000000db000000, 0x0000000100000000)
  eden space 65024K, 99% used [0x00000000d5f80000,0x00000000d9ef9218,0x00000000d9f00000)
  from space 7168K, 59% used [0x00000000da900000,0x00000000dad2fe28,0x00000000db000000)
  to   space 8704K, 0% used [0x00000000d9f00000,0x00000000d9f00000,0x00000000da780000)
 ParOldGen       total 51200K, used 16547K [0x0000000081e00000, 0x0000000085000000, 0x00000000d5f80000)
  object space 51200K, 32% used [0x0000000081e00000,0x0000000082e28c78,0x0000000085000000)
 Metaspace       used 40968K, capacity 42776K, committed 43056K, reserved 1087488K
  class space    used 5493K, capacity 5842K, committed 5936K, reserved 1048576K
Event: 17.891 GC heap after
Heap after GC invocations=17 (full 2):
 PSYoungGen      total 73728K, used 3204K [0x00000000d5f80000, 0x00000000db000000, 0x0000000100000000)
  eden space 65024K, 0% used [0x00000000d5f80000,0x00000000d5f80000,0x00000000d9f00000)
  from space 8704K, 36% used [0x00000000d9f00000,0x00000000da221098,0x00000000da780000)
  to   space 7168K, 0% used [0x00000000da900000,0x00000000da900000,0x00000000db000000)
 ParOldGen       total 51200K, used 19243K [0x0000000081e00000, 0x0000000085000000, 0x00000000d5f80000)
  object space 51200K, 37% used [0x0000000081e00000,0x00000000830cac88,0x0000000085000000)
 Metaspace       used 40968K, capacity 42776K, committed 43056K, reserved 1087488K
  class space    used 5493K, capacity 5842K, committed 5936K, reserved 1048576K
}
Event: 18.304 GC heap before
{Heap before GC invocations=18 (full 2):
 PSYoungGen      total 73728K, used 68228K [0x00000000d5f80000, 0x00000000db000000, 0x0000000100000000)
  eden space 65024K, 100% used [0x00000000d5f80000,0x00000000d9f00000,0x00000000d9f00000)
  from space 8704K, 36% used [0x00000000d9f00000,0x00000000da221098,0x00000000da780000)
  to   space 7168K, 0% used [0x00000000da900000,0x00000000da900000,0x00000000db000000)
 ParOldGen       total 51200K, used 19243K [0x0000000081e00000, 0x0000000085000000, 0x00000000d5f80000)
  object space 51200K, 37% used [0x0000000081e00000,0x00000000830cac88,0x0000000085000000)
 Metaspace       used 43750K, capacity 45646K, committed 45872K, reserved 1089536K
  class space    used 5795K, capacity 6165K, committed 6192K, reserved 1048576K
Event: 18.310 GC heap after
Heap after GC invocations=18 (full 2):
 PSYoungGen      total 72192K, used 4168K [0x00000000d5f80000, 0x00000000db000000, 0x0000000100000000)
  eden space 65024K, 0% used [0x00000000d5f80000,0x00000000d5f80000,0x00000000d9f00000)
  from space 7168K, 58% used [0x00000000da900000,0x00000000dad12340,0x00000000db000000)
  to   space 8704K, 0% used [0x00000000d9f00000,0x00000000d9f00000,0x00000000da780000)
 ParOldGen       total 51200K, used 20635K [0x0000000081e00000, 0x0000000085000000, 0x00000000d5f80000)
  object space 51200K, 40% used [0x0000000081e00000,0x0000000083226cb8,0x0000000085000000)
 Metaspace       used 43750K, capacity 45646K, committed 45872K, reserved 1089536K
  class space    used 5795K, capacity 6165K, committed 6192K, reserved 1048576K
}

